<?xml version="1.0" encoding="UTF-8"?>
<!-- Generated by org.testng.reporters.JUnitXMLReporter -->
<testsuite ignored="4" hostname="DESKTOP-TGQVB1P" failures="0" tests="1" name="ChromeTest" time="13.767" errors="0" timestamp="2024-05-29T12:51:21 IST">
  <testcase classname="testscript.LoginTest" name="verifyUserIsAbleToLoginUsingValidCredentials" time="4.735"/>
  <testcase classname="testscript.Base" name="initializeMethod" time="0.0">
    <ignored/>
  </testcase> <!-- initializeMethod -->
  <testcase classname="testscript.LoginTest" name="verifyUserIsAbleToLoginUsinginValidUsernameandInvalidPassword" time="0.0">
    <ignored/>
  </testcase> <!-- verifyUserIsAbleToLoginUsinginValidUsernameandInvalidPassword -->
  <testcase classname="testscript.LoginTest" name="verifyUserIsAbleToLoginUsinginValidUsernameandvalidPassword" time="0.0">
    <ignored/>
  </testcase> <!-- verifyUserIsAbleToLoginUsinginValidUsernameandvalidPassword -->
  <testcase classname="testscript.LoginTest" name="verifyUserIsAbleToLoginUsingValidUsernameandInvalidPassword" time="0.0">
    <ignored/>
  </testcase> <!-- verifyUserIsAbleToLoginUsingValidUsernameandInvalidPassword -->
</testsuite> <!-- ChromeTest -->
