<?xml version="1.0" encoding="UTF-8"?>
<!-- Generated by org.testng.reporters.JUnitXMLReporter -->
<testsuite ignored="0" hostname="DESKTOP-TGQVB1P" failures="0" tests="4" name="Test" time="15.821" errors="0" timestamp="2024-05-22T18:58:33 IST">
  <testcase classname="testscript.LoginTest" name="verifyUserIsAbleToLoginUsingValidCredentials" time="1.42"/>
  <testcase classname="testscript.LoginTest" name="verifyUserIsAbleToLoginUsingValidUsernameandInvalidPassword" time="1.606"/>
  <testcase classname="testscript.LoginTest" name="verifyUserIsAbleToLoginUsinginValidUsernameandInvalidPassword" time="0.726"/>
  <testcase classname="testscript.LoginTest" name="verifyUserIsAbleToLoginUsinginValidUsernameandvalidPassword" time="0.661"/>
</testsuite> <!-- Test -->
