<?xml version="1.0" encoding="UTF-8"?>
<!-- Generated by org.testng.reporters.JUnitXMLReporter -->
<testsuite ignored="4" hostname="DESKTOP-TGQVB1P" failures="0" tests="1" name="EdgeTest" time="27.185" errors="0" timestamp="2024-05-28T15:10:05 IST">
  <testcase classname="testscript.LoginTest" name="verifyUserIsAbleToLoginUsingValidCredentials" time="6.446"/>
  <testcase classname="testscript.Base" name="initializeMethod" time="0.0">
    <ignored/>
  </testcase> <!-- initializeMethod -->
  <testcase classname="testscript.LoginTest" name="verifyUserIsAbleToLoginUsinginValidUsernameandInvalidPassword" time="0.0">
    <ignored/>
  </testcase> <!-- verifyUserIsAbleToLoginUsinginValidUsernameandInvalidPassword -->
  <testcase classname="testscript.LoginTest" name="verifyUserIsAbleToLoginUsinginValidUsernameandvalidPassword" time="0.0">
    <ignored/>
  </testcase> <!-- verifyUserIsAbleToLoginUsinginValidUsernameandvalidPassword -->
  <testcase classname="testscript.LoginTest" name="verifyUserIsAbleToLoginUsingValidUsernameandInvalidPassword" time="0.0">
    <ignored/>
  </testcase> <!-- verifyUserIsAbleToLoginUsingValidUsernameandInvalidPassword -->
</testsuite> <!-- EdgeTest -->
