<?xml version="1.0" encoding="UTF-8"?>
<testng-results ignored="0" total="7" passed="7" failed="0" skipped="0">
  <reporter-output>
  </reporter-output>
  <suite started-at="2024-05-28T15:12:37 IST" name="Parallel Class Testing" finished-at="2024-05-28T15:13:32 IST" duration-ms="55108">
    <groups>
      <group name="smoke">
        <method signature="LoginTest.verifyUserIsAbleToLoginUsingValidCredentials()[pri:0, instance:testscript.LoginTest@4f18837a]" name="verifyUserIsAbleToLoginUsingValidCredentials" class="testscript.LoginTest"/>
        <method signature="LoginTest.verifyUserIsAbleToLoginUsinginValidUsernameandvalidPassword()[pri:0, instance:testscript.LoginTest@4f18837a]" name="verifyUserIsAbleToLoginUsinginValidUsernameandvalidPassword" class="testscript.LoginTest"/>
      </group> <!-- smoke -->
    </groups>
    <test started-at="2024-05-28T15:12:37 IST" name="Test" finished-at="2024-05-28T15:13:32 IST" duration-ms="55108">
      <class name="testscript.ManageContent">
        <test-method is-config="true" signature="initializeMethod(java.lang.String)[pri:0, instance:testscript.ManageContent@57a3af25]" started-at="2024-05-28T15:12:38 IST" name="initializeMethod" finished-at="2024-05-28T15:12:45 IST" duration-ms="7487" status="PASS">
          <params>
            <param index="0">
              <value>
                <![CDATA[Chrome]]>
              </value>
            </param>
          </params>
          <reporter-output>
          </reporter-output>
        </test-method> <!-- initializeMethod -->
        <test-method signature="initializeMethod(java.lang.String)[pri:0, instance:testscript.ManageContent@57a3af25]" started-at="2024-05-28T15:12:45 IST" name="initializeMethod" finished-at="2024-05-28T15:12:56 IST" duration-ms="11129" status="PASS">
          <params>
            <param index="0">
              <value>
                <![CDATA[Chrome]]>
              </value>
            </param>
          </params>
          <reporter-output>
          </reporter-output>
        </test-method> <!-- initializeMethod -->
        <test-method is-config="true" signature="afterMethod(org.testng.ITestResult)[pri:0, instance:testscript.ManageContent@57a3af25]" started-at="2024-05-28T15:12:56 IST" name="afterMethod" finished-at="2024-05-28T15:12:57 IST" duration-ms="614" status="PASS">
          <params>
            <param index="0">
              <value>
                <![CDATA[[TestResult name=initializeMethod status=SUCCESS method=Base.initializeMethod(java.lang.String)[pri:0, instance:testscript.ManageContent@57a3af25] output={null}]]]>
              </value>
            </param>
          </params>
          <reporter-output>
          </reporter-output>
        </test-method> <!-- afterMethod -->
        <test-method is-config="true" signature="initializeMethod(java.lang.String)[pri:0, instance:testscript.ManageContent@57a3af25]" started-at="2024-05-28T15:12:57 IST" name="initializeMethod" finished-at="2024-05-28T15:13:04 IST" duration-ms="7255" status="PASS">
          <params>
            <param index="0">
              <value>
                <![CDATA[Chrome]]>
              </value>
            </param>
          </params>
          <reporter-output>
          </reporter-output>
        </test-method> <!-- initializeMethod -->
        <test-method signature="manageContentAddNewNews()[pri:0, instance:testscript.ManageContent@57a3af25]" started-at="2024-05-28T15:13:04 IST" name="manageContentAddNewNews" finished-at="2024-05-28T15:13:12 IST" duration-ms="7688" status="PASS">
          <reporter-output>
          </reporter-output>
        </test-method> <!-- manageContentAddNewNews -->
        <test-method is-config="true" signature="afterMethod(org.testng.ITestResult)[pri:0, instance:testscript.ManageContent@57a3af25]" started-at="2024-05-28T15:13:12 IST" name="afterMethod" finished-at="2024-05-28T15:13:19 IST" duration-ms="7211" status="PASS">
          <params>
            <param index="0">
              <value>
                <![CDATA[[TestResult name=manageContentAddNewNews status=SUCCESS method=ManageContent.manageContentAddNewNews()[pri:0, instance:testscript.ManageContent@57a3af25] output={null}]]]>
              </value>
            </param>
          </params>
          <reporter-output>
          </reporter-output>
        </test-method> <!-- afterMethod -->
      </class> <!-- testscript.ManageContent -->
      <class name="testscript.LoginTest">
        <test-method is-config="true" signature="initializeMethod(java.lang.String)[pri:0, instance:testscript.LoginTest@4f18837a]" started-at="2024-05-28T15:12:38 IST" name="initializeMethod" finished-at="2024-05-28T15:12:45 IST" duration-ms="7451" status="PASS">
          <params>
            <param index="0">
              <value>
                <![CDATA[Chrome]]>
              </value>
            </param>
          </params>
          <reporter-output>
          </reporter-output>
        </test-method> <!-- initializeMethod -->
        <test-method signature="initializeMethod(java.lang.String)[pri:0, instance:testscript.LoginTest@4f18837a]" started-at="2024-05-28T15:12:45 IST" name="initializeMethod" finished-at="2024-05-28T15:12:54 IST" duration-ms="9270" status="PASS">
          <params>
            <param index="0">
              <value>
                <![CDATA[Chrome]]>
              </value>
            </param>
          </params>
          <reporter-output>
          </reporter-output>
        </test-method> <!-- initializeMethod -->
        <test-method is-config="true" signature="afterMethod(org.testng.ITestResult)[pri:0, instance:testscript.LoginTest@4f18837a]" started-at="2024-05-28T15:12:54 IST" name="afterMethod" finished-at="2024-05-28T15:12:57 IST" duration-ms="2623" status="PASS">
          <params>
            <param index="0">
              <value>
                <![CDATA[[TestResult name=initializeMethod status=SUCCESS method=Base.initializeMethod(java.lang.String)[pri:0, instance:testscript.LoginTest@4f18837a] output={null}]]]>
              </value>
            </param>
          </params>
          <reporter-output>
          </reporter-output>
        </test-method> <!-- afterMethod -->
        <test-method is-config="true" signature="initializeMethod(java.lang.String)[pri:0, instance:testscript.LoginTest@4f18837a]" started-at="2024-05-28T15:12:57 IST" name="initializeMethod" finished-at="2024-05-28T15:13:03 IST" duration-ms="5807" status="PASS">
          <params>
            <param index="0">
              <value>
                <![CDATA[Chrome]]>
              </value>
            </param>
          </params>
          <reporter-output>
          </reporter-output>
        </test-method> <!-- initializeMethod -->
        <test-method signature="verifyUserIsAbleToLoginUsingValidCredentials()[pri:0, instance:testscript.LoginTest@4f18837a]" started-at="2024-05-28T15:13:03 IST" name="verifyUserIsAbleToLoginUsingValidCredentials" finished-at="2024-05-28T15:13:08 IST" duration-ms="5167" status="PASS">
          <reporter-output>
          </reporter-output>
        </test-method> <!-- verifyUserIsAbleToLoginUsingValidCredentials -->
        <test-method is-config="true" signature="afterMethod(org.testng.ITestResult)[pri:0, instance:testscript.LoginTest@4f18837a]" started-at="2024-05-28T15:13:08 IST" name="afterMethod" finished-at="2024-05-28T15:13:10 IST" duration-ms="1843" status="PASS">
          <params>
            <param index="0">
              <value>
                <![CDATA[[TestResult name=verifyUserIsAbleToLoginUsingValidCredentials status=SUCCESS method=LoginTest.verifyUserIsAbleToLoginUsingValidCredentials()[pri:0, instance:testscript.LoginTest@4f18837a] output={null}]]]>
              </value>
            </param>
          </params>
          <reporter-output>
          </reporter-output>
        </test-method> <!-- afterMethod -->
        <test-method is-config="true" signature="initializeMethod(java.lang.String)[pri:0, instance:testscript.LoginTest@4f18837a]" started-at="2024-05-28T15:13:10 IST" name="initializeMethod" finished-at="2024-05-28T15:13:17 IST" duration-ms="7030" status="PASS">
          <params>
            <param index="0">
              <value>
                <![CDATA[Chrome]]>
              </value>
            </param>
          </params>
          <reporter-output>
          </reporter-output>
        </test-method> <!-- initializeMethod -->
        <test-method signature="verifyUserIsAbleToLoginUsingValidUsernameandInvalidPassword()[pri:0, instance:testscript.LoginTest@4f18837a]" started-at="2024-05-28T15:13:17 IST" name="verifyUserIsAbleToLoginUsingValidUsernameandInvalidPassword" description="verify the user able login valid username and invalid password" finished-at="2024-05-28T15:13:18 IST" duration-ms="1132" status="PASS">
          <reporter-output>
          </reporter-output>
        </test-method> <!-- verifyUserIsAbleToLoginUsingValidUsernameandInvalidPassword -->
        <test-method is-config="true" signature="afterMethod(org.testng.ITestResult)[pri:0, instance:testscript.LoginTest@4f18837a]" started-at="2024-05-28T15:13:18 IST" name="afterMethod" finished-at="2024-05-28T15:13:20 IST" duration-ms="1436" status="PASS">
          <params>
            <param index="0">
              <value>
                <![CDATA[[TestResult name=verifyUserIsAbleToLoginUsingValidUsernameandInvalidPassword status=SUCCESS method=LoginTest.verifyUserIsAbleToLoginUsingValidUsernameandInvalidPassword()[pri:0, instance:testscript.LoginTest@4f18837a] output={null}]]]>
              </value>
            </param>
          </params>
          <reporter-output>
          </reporter-output>
        </test-method> <!-- afterMethod -->
        <test-method is-config="true" signature="initializeMethod(java.lang.String)[pri:0, instance:testscript.LoginTest@4f18837a]" started-at="2024-05-28T15:13:20 IST" name="initializeMethod" finished-at="2024-05-28T15:13:23 IST" duration-ms="3741" status="PASS">
          <params>
            <param index="0">
              <value>
                <![CDATA[Chrome]]>
              </value>
            </param>
          </params>
          <reporter-output>
          </reporter-output>
        </test-method> <!-- initializeMethod -->
        <test-method signature="verifyUserIsAbleToLoginUsinginValidUsernameandInvalidPassword()[pri:0, instance:testscript.LoginTest@4f18837a]" started-at="2024-05-28T15:13:23 IST" name="verifyUserIsAbleToLoginUsinginValidUsernameandInvalidPassword" finished-at="2024-05-28T15:13:25 IST" duration-ms="2093" status="PASS">
          <reporter-output>
          </reporter-output>
        </test-method> <!-- verifyUserIsAbleToLoginUsinginValidUsernameandInvalidPassword -->
        <test-method is-config="true" signature="afterMethod(org.testng.ITestResult)[pri:0, instance:testscript.LoginTest@4f18837a]" started-at="2024-05-28T15:13:25 IST" name="afterMethod" finished-at="2024-05-28T15:13:26 IST" duration-ms="732" status="PASS">
          <params>
            <param index="0">
              <value>
                <![CDATA[[TestResult name=verifyUserIsAbleToLoginUsinginValidUsernameandInvalidPassword status=SUCCESS method=LoginTest.verifyUserIsAbleToLoginUsinginValidUsernameandInvalidPassword()[pri:0, instance:testscript.LoginTest@4f18837a] output={null}]]]>
              </value>
            </param>
          </params>
          <reporter-output>
          </reporter-output>
        </test-method> <!-- afterMethod -->
        <test-method is-config="true" signature="initializeMethod(java.lang.String)[pri:0, instance:testscript.LoginTest@4f18837a]" started-at="2024-05-28T15:13:26 IST" name="initializeMethod" finished-at="2024-05-28T15:13:30 IST" duration-ms="3721" status="PASS">
          <params>
            <param index="0">
              <value>
                <![CDATA[Chrome]]>
              </value>
            </param>
          </params>
          <reporter-output>
          </reporter-output>
        </test-method> <!-- initializeMethod -->
        <test-method signature="verifyUserIsAbleToLoginUsinginValidUsernameandvalidPassword()[pri:0, instance:testscript.LoginTest@4f18837a]" started-at="2024-05-28T15:13:30 IST" name="verifyUserIsAbleToLoginUsinginValidUsernameandvalidPassword" finished-at="2024-05-28T15:13:31 IST" duration-ms="1529" status="PASS">
          <reporter-output>
          </reporter-output>
        </test-method> <!-- verifyUserIsAbleToLoginUsinginValidUsernameandvalidPassword -->
        <test-method is-config="true" signature="afterMethod(org.testng.ITestResult)[pri:0, instance:testscript.LoginTest@4f18837a]" started-at="2024-05-28T15:13:31 IST" name="afterMethod" finished-at="2024-05-28T15:13:32 IST" duration-ms="700" status="PASS">
          <params>
            <param index="0">
              <value>
                <![CDATA[[TestResult name=verifyUserIsAbleToLoginUsinginValidUsernameandvalidPassword status=SUCCESS method=LoginTest.verifyUserIsAbleToLoginUsinginValidUsernameandvalidPassword()[pri:0, instance:testscript.LoginTest@4f18837a] output={null}]]]>
              </value>
            </param>
          </params>
          <reporter-output>
          </reporter-output>
        </test-method> <!-- afterMethod -->
      </class> <!-- testscript.LoginTest -->
    </test> <!-- Test -->
  </suite> <!-- Parallel Class Testing -->
</testng-results>
