<?xml version="1.0" encoding="UTF-8"?>
<testng-results ignored="4" total="5" passed="1" failed="0" skipped="0">
  <reporter-output>
  </reporter-output>
  <suite started-at="2024-05-30T14:47:41 IST" name="Suite" finished-at="2024-05-30T14:47:54 IST" duration-ms="13409">
    <groups>
      <group name="smoke">
        <method signature="LoginTest.verifyUserIsAbleToLoginUsingValidCredentials()[pri:0, instance:testscript.LoginTest@514646ef]" name="verifyUserIsAbleToLoginUsingValidCredentials" class="testscript.LoginTest"/>
      </group> <!-- smoke -->
    </groups>
    <test started-at="2024-05-30T14:47:41 IST" name="Test" finished-at="2024-05-30T14:47:54 IST" duration-ms="13409">
      <class name="testscript.LoginTest">
        <test-method is-config="true" signature="initializeMethod(java.lang.String)[pri:0, instance:testscript.LoginTest@514646ef]" started-at="2024-05-30T14:47:41 IST" name="initializeMethod" finished-at="2024-05-30T14:47:49 IST" duration-ms="8399" status="PASS">
          <params>
            <param index="0">
              <value>
                <![CDATA[chrome]]>
              </value>
            </param>
          </params>
          <reporter-output>
          </reporter-output>
        </test-method> <!-- initializeMethod -->
        <test-method signature="verifyUserIsAbleToLoginUsingValidCredentials()[pri:0, instance:testscript.LoginTest@514646ef]" started-at="2024-05-30T14:47:49 IST" name="verifyUserIsAbleToLoginUsingValidCredentials" finished-at="2024-05-30T14:47:53 IST" duration-ms="4336" status="PASS">
          <reporter-output>
          </reporter-output>
        </test-method> <!-- verifyUserIsAbleToLoginUsingValidCredentials -->
        <test-method is-config="true" signature="afterMethod(org.testng.ITestResult)[pri:0, instance:testscript.LoginTest@514646ef]" started-at="2024-05-30T14:47:53 IST" name="afterMethod" finished-at="2024-05-30T14:47:54 IST" duration-ms="576" status="PASS">
          <params>
            <param index="0">
              <value>
                <![CDATA[[TestResult name=verifyUserIsAbleToLoginUsingValidCredentials status=SUCCESS method=LoginTest.verifyUserIsAbleToLoginUsingValidCredentials()[pri:0, instance:testscript.LoginTest@514646ef] output={null}]]]>
              </value>
            </param>
          </params>
          <reporter-output>
          </reporter-output>
        </test-method> <!-- afterMethod -->
      </class> <!-- testscript.LoginTest -->
    </test> <!-- Test -->
  </suite> <!-- Suite -->
</testng-results>
