<?xml version="1.0" encoding="UTF-8"?>
<!-- Generated by org.testng.reporters.JUnitXMLReporter -->
<testsuite ignored="0" hostname="DESKTOP-TGQVB1P" failures="0" tests="7" name="Test" time="68.484" errors="0" timestamp="2024-05-30T14:27:44 IST">
  <testcase classname="testscript.Base" name="initializeMethod" time="7.335"/>
  <testcase classname="testscript.Base" name="initializeMethod" time="12.004"/>
  <testcase classname="testscript.LoginTest" name="verifyUserIsAbleToLoginUsingValidCredentials" time="2.372"/>
  <testcase classname="testscript.ManageContent" name="manageContentAddNewNews" time="12.726"/>
  <testcase classname="testscript.LoginTest" name="verifyUserIsAbleToLoginUsingValidUsernameandInvalidPassword" time="4.213"/>
  <testcase classname="testscript.LoginTest" name="verifyUserIsAbleToLoginUsinginValidUsernameandInvalidPassword" time="1.659"/>
  <testcase classname="testscript.LoginTest" name="verifyUserIsAbleToLoginUsinginValidUsernameandvalidPassword" time="1.712"/>
</testsuite> <!-- Test -->
