<?xml version="1.0" encoding="UTF-8"?>
<!-- Generated by org.testng.reporters.JUnitXMLReporter -->
<testsuite ignored="0" hostname="DESKTOP-TGQVB1P" failures="0" tests="7" name="Test" time="55.108" errors="0" timestamp="2024-05-28T15:13:32 IST">
  <testcase classname="testscript.Base" name="initializeMethod" time="9.27"/>
  <testcase classname="testscript.Base" name="initializeMethod" time="11.129"/>
  <testcase classname="testscript.LoginTest" name="verifyUserIsAbleToLoginUsingValidCredentials" time="5.167"/>
  <testcase classname="testscript.ManageContent" name="manageContentAddNewNews" time="7.688"/>
  <testcase classname="testscript.LoginTest" name="verifyUserIsAbleToLoginUsingValidUsernameandInvalidPassword" time="1.132"/>
  <testcase classname="testscript.LoginTest" name="verifyUserIsAbleToLoginUsinginValidUsernameandInvalidPassword" time="2.093"/>
  <testcase classname="testscript.LoginTest" name="verifyUserIsAbleToLoginUsinginValidUsernameandvalidPassword" time="1.529"/>
</testsuite> <!-- Test -->
